mar. 09, 2025 10:47:51 PM liquibase.changelog
INFO: Reading resource: db/changelog/migrations/db.changelog-2025030040.sql
mar. 09, 2025 10:47:51 PM liquibase.changelog
INFO: Reading from board.databasechangelog
mar. 09, 2025 10:47:51 PM liquibase.changelog
INFO: Reading resource: db/changelog/migrations/db.changelog-202503092209.sql
mar. 09, 2025 10:47:51 PM liquibase.changelog
INFO: Reading resource: db/changelog/migrations/db.changelog-2025031026.sql
mar. 09, 2025 10:47:51 PM liquibase.changelog
INFO: Reading resource: db/changelog/migrations/db.changelog-2025031036.sql
mar. 09, 2025 10:47:51 PM liquibase.changelog
INFO: Reading resource: db/changelog/migrations/db.changelog-2025031040.sql
mar. 09, 2025 10:47:51 PM liquibase.changelog
INFO: Change failed validation!
mar. 09, 2025 10:47:51 PM liquibase.command
INFO: Logging exception.
ERROR: Exception Details
ERROR: Exception Primary Class:  ValidationFailedException
ERROR: Exception Primary Reason:  Validation Failed:
     2 changesets check sum
          db/changelog/migrations/db.changelog-2025031026.sql::2025030040::junior was: 9:5a5517eaa2c1112d9e2651421c620c9d but is now: 9:54e9bf5fe0a52af56d420ff149ead337
          db/changelog/migrations/db.changelog-2025031036.sql::2025030040::junior was: 9:63de6757e53996e393f2c63eabf5dff7 but is now: 9:9c8fef9fc034e5c97fdf55cd9ef2ea0f

ERROR: Exception Primary Source:  4.31.1
mar. 09, 2025 10:47:51 PM liquibase.command
INFO: Command execution complete
liquibase.exception.CommandExecutionException: liquibase.exception.ValidationFailedException: Validation Failed:
     2 changesets check sum
          db/changelog/migrations/db.changelog-2025031026.sql::2025030040::junior was: 9:5a5517eaa2c1112d9e2651421c620c9d but is now: 9:54e9bf5fe0a52af56d420ff149ead337
          db/changelog/migrations/db.changelog-2025031036.sql::2025030040::junior was: 9:63de6757e53996e393f2c63eabf5dff7 but is now: 9:9c8fef9fc034e5c97fdf55cd9ef2ea0f

	at liquibase.command.CommandScope.lambda$execute$6(CommandScope.java:300)
	at liquibase.Scope.child(Scope.java:210)
	at liquibase.Scope.child(Scope.java:186)
	at liquibase.command.CommandScope.execute(CommandScope.java:241)
	at liquibase.Liquibase.lambda$update$0(Liquibase.java:216)
	at liquibase.Scope.lambda$child$0(Scope.java:201)
	at liquibase.Scope.child(Scope.java:210)
	at liquibase.Scope.child(Scope.java:200)
	at liquibase.Scope.child(Scope.java:179)
	at liquibase.Liquibase.runInScope(Liquibase.java:1333)
	at liquibase.Liquibase.update(Liquibase.java:205)
	at liquibase.Liquibase.update(Liquibase.java:188)
	at liquibase.Liquibase.update(Liquibase.java:175)
	at liquibase.Liquibase.update(Liquibase.java:155)
	at com.dio.board.persistence.migration.MigrationStrategy.executeMigration(MigrationStrategy.java:37)
	at com.dio.board.Main.main(Main.java:14)
Caused by: liquibase.exception.ValidationFailedException: Validation Failed:
     2 changesets check sum
          db/changelog/migrations/db.changelog-2025031026.sql::2025030040::junior was: 9:5a5517eaa2c1112d9e2651421c620c9d but is now: 9:54e9bf5fe0a52af56d420ff149ead337
          db/changelog/migrations/db.changelog-2025031036.sql::2025030040::junior was: 9:63de6757e53996e393f2c63eabf5dff7 but is now: 9:9c8fef9fc034e5c97fdf55cd9ef2ea0f

	at liquibase.changelog.DatabaseChangeLog.validate(DatabaseChangeLog.java:384)
	at liquibase.command.core.helpers.DatabaseChangelogCommandStep.run(DatabaseChangelogCommandStep.java:88)
	at liquibase.command.CommandScope.lambda$execute$6(CommandScope.java:253)
	... 15 more
